<?xml version="1.0" encoding="UTF-8"?>
<!-- Generated by org.testng.reporters.JUnitXMLReporter -->
<testsuite ignored="3" hostname="DESKTOP-V7A5VM1" failures="0" tests="1" name="Default test" time="12.191" errors="0" timestamp="2026-05-11T13:44:18 IST">
  <testcase classname="tests.ConsultantTests" name="manageInactive" time="8.845"/>
  <testcase classname="tests.ConsultantTests" name="invite" time="0.0">
    <ignored/>
  </testcase> <!-- invite -->
  <testcase classname="tests.ConsultantTests" name="addNewConsultant" time="0.0">
    <ignored/>
  </testcase> <!-- addNewConsultant -->
  <testcase classname="tests.ConsultantTests" name="addConsultantExistingMail" time="0.0">
    <ignored/>
  </testcase> <!-- addConsultantExistingMail -->
</testsuite> <!-- Default test -->
