<?xml version="1.0" encoding="UTF-8"?>
<!-- Generated by org.testng.reporters.JUnitXMLReporter -->
<testsuite ignored="6" hostname="DESKTOP-V7A5VM1" failures="0" tests="1" name="Default test" time="4.833" errors="0" timestamp="2026-05-07T15:42:49 IST">
  <testcase classname="tests.LoginTests" name="logout" time="1.398"/>
  <testcase classname="tests.LoginTests" name="ValidMailInvalidPassword" time="0.0">
    <ignored/>
  </testcase> <!-- ValidMailInvalidPassword -->
  <testcase classname="tests.LoginTests" name="InvalidMailInvalidPassword" time="0.0">
    <ignored/>
  </testcase> <!-- InvalidMailInvalidPassword -->
  <testcase classname="tests.LoginTests" name="login" time="0.0">
    <ignored/>
  </testcase> <!-- login -->
  <testcase classname="tests.LoginTests" name="emptyFields" time="0.0">
    <ignored/>
  </testcase> <!-- emptyFields -->
  <testcase classname="tests.LoginTests" name="InvalidMailValidPassword" time="0.0">
    <ignored/>
  </testcase> <!-- InvalidMailValidPassword -->
  <testcase classname="tests.LoginTests" name="loginSuccessful" time="0.0">
    <ignored/>
  </testcase> <!-- loginSuccessful -->
</testsuite> <!-- Default test -->
