<?xml version="1.0" encoding="UTF-8"?>
<!-- Generated by org.testng.reporters.JUnitXMLReporter -->
<testsuite ignored="0" hostname="DESKTOP-V7A5VM1" failures="0" tests="7" name="Test" time="36.962" errors="0" timestamp="2026-05-07T15:44:15 IST">
  <testcase classname="tests.LoginTests" name="InvalidMailInvalidPassword" time="2.771"/>
  <testcase classname="tests.LoginTests" name="InvalidMailValidPassword" time="2.705"/>
  <testcase classname="tests.LoginTests" name="ValidMailInvalidPassword" time="2.732"/>
  <testcase classname="tests.LoginTests" name="emptyFields" time="2.52"/>
  <testcase classname="tests.LoginTests" name="login" time="2.208"/>
  <testcase classname="tests.LoginTests" name="loginSuccessful" time="2.732"/>
  <testcase classname="tests.LoginTests" name="logout" time="1.176"/>
</testsuite> <!-- Test -->
