<?xml version="1.0" encoding="UTF-8"?>
<!-- Generated by org.testng.reporters.JUnitXMLReporter -->
<testsuite ignored="0" hostname="DESKTOP-V7A5VM1" failures="0" tests="7" name="Test" time="37.514" errors="0" timestamp="2026-05-07T17:19:25 IST">
  <testcase classname="tests.LoginTests" name="InvalidMailInvalidPassword" time="4.488"/>
  <testcase classname="tests.LoginTests" name="InvalidMailValidPassword" time="2.778"/>
  <testcase classname="tests.LoginTests" name="ValidMailInvalidPassword" time="2.844"/>
  <testcase classname="tests.LoginTests" name="emptyFields" time="2.559"/>
  <testcase classname="tests.LoginTests" name="login" time="2.203"/>
  <testcase classname="tests.LoginTests" name="loginSuccessful" time="2.814"/>
  <testcase classname="tests.LoginTests" name="logout" time="1.808"/>
</testsuite> <!-- Test -->
