<?xml version="1.0" encoding="UTF-8"?>
<testng-results ignored="0" total="7" passed="7" failed="0" skipped="0">
  <reporter-output>
  </reporter-output>
  <suite started-at="2026-05-07T17:18:47 IST" name="Suite" finished-at="2026-05-07T17:19:24 IST" duration-ms="37514">
    <groups>
    </groups>
    <test started-at="2026-05-07T17:18:47 IST" name="Test" finished-at="2026-05-07T17:19:24 IST" duration-ms="37514">
      <class name="tests.LoginTests">
        <test-method is-config="true" signature="setup()[pri:0, instance:tests.LoginTests@25a6944c]" started-at="2026-05-07T17:18:47 IST" name="setup" finished-at="2026-05-07T17:18:47 IST" duration-ms="7" status="PASS">
          <reporter-output>
          </reporter-output>
        </test-method> <!-- setup -->
        <test-method is-config="true" signature="setUp()[pri:0, instance:tests.LoginTests@25a6944c]" started-at="2026-05-07T17:18:47 IST" name="setUp" finished-at="2026-05-07T17:18:49 IST" duration-ms="2068" status="PASS">
          <reporter-output>
          </reporter-output>
        </test-method> <!-- setUp -->
        <test-method signature="InvalidMailInvalidPassword()[pri:0, instance:tests.LoginTests@25a6944c]" started-at="2026-05-07T17:18:49 IST" name="InvalidMailInvalidPassword" finished-at="2026-05-07T17:18:53 IST" duration-ms="4488" status="PASS">
          <reporter-output>
          </reporter-output>
        </test-method> <!-- InvalidMailInvalidPassword -->
        <test-method is-config="true" signature="tearDown()[pri:0, instance:tests.LoginTests@25a6944c]" started-at="2026-05-07T17:18:54 IST" name="tearDown" finished-at="2026-05-07T17:18:54 IST" duration-ms="284" status="PASS">
          <reporter-output>
          </reporter-output>
        </test-method> <!-- tearDown -->
        <test-method is-config="true" signature="setUp()[pri:0, instance:tests.LoginTests@25a6944c]" started-at="2026-05-07T17:18:54 IST" name="setUp" finished-at="2026-05-07T17:18:56 IST" duration-ms="2479" status="PASS">
          <reporter-output>
          </reporter-output>
        </test-method> <!-- setUp -->
        <test-method signature="InvalidMailValidPassword()[pri:0, instance:tests.LoginTests@25a6944c]" started-at="2026-05-07T17:18:56 IST" name="InvalidMailValidPassword" finished-at="2026-05-07T17:18:59 IST" duration-ms="2778" status="PASS">
          <reporter-output>
          </reporter-output>
        </test-method> <!-- InvalidMailValidPassword -->
        <test-method is-config="true" signature="tearDown()[pri:0, instance:tests.LoginTests@25a6944c]" started-at="2026-05-07T17:18:59 IST" name="tearDown" finished-at="2026-05-07T17:18:59 IST" duration-ms="317" status="PASS">
          <reporter-output>
          </reporter-output>
        </test-method> <!-- tearDown -->
        <test-method is-config="true" signature="setUp()[pri:0, instance:tests.LoginTests@25a6944c]" started-at="2026-05-07T17:18:59 IST" name="setUp" finished-at="2026-05-07T17:19:02 IST" duration-ms="2576" status="PASS">
          <reporter-output>
          </reporter-output>
        </test-method> <!-- setUp -->
        <test-method signature="ValidMailInvalidPassword()[pri:0, instance:tests.LoginTests@25a6944c]" started-at="2026-05-07T17:19:02 IST" name="ValidMailInvalidPassword" finished-at="2026-05-07T17:19:05 IST" duration-ms="2844" status="PASS">
          <reporter-output>
          </reporter-output>
        </test-method> <!-- ValidMailInvalidPassword -->
        <test-method is-config="true" signature="tearDown()[pri:0, instance:tests.LoginTests@25a6944c]" started-at="2026-05-07T17:19:05 IST" name="tearDown" finished-at="2026-05-07T17:19:05 IST" duration-ms="356" status="PASS">
          <reporter-output>
          </reporter-output>
        </test-method> <!-- tearDown -->
        <test-method is-config="true" signature="setUp()[pri:0, instance:tests.LoginTests@25a6944c]" started-at="2026-05-07T17:19:05 IST" name="setUp" finished-at="2026-05-07T17:19:08 IST" duration-ms="2535" status="PASS">
          <reporter-output>
          </reporter-output>
        </test-method> <!-- setUp -->
        <test-method signature="emptyFields()[pri:0, instance:tests.LoginTests@25a6944c]" started-at="2026-05-07T17:19:08 IST" name="emptyFields" finished-at="2026-05-07T17:19:10 IST" duration-ms="2559" status="PASS">
          <reporter-output>
          </reporter-output>
        </test-method> <!-- emptyFields -->
        <test-method is-config="true" signature="tearDown()[pri:0, instance:tests.LoginTests@25a6944c]" started-at="2026-05-07T17:19:10 IST" name="tearDown" finished-at="2026-05-07T17:19:11 IST" duration-ms="379" status="PASS">
          <reporter-output>
          </reporter-output>
        </test-method> <!-- tearDown -->
        <test-method is-config="true" signature="setUp()[pri:0, instance:tests.LoginTests@25a6944c]" started-at="2026-05-07T17:19:11 IST" name="setUp" finished-at="2026-05-07T17:19:11 IST" duration-ms="797" status="PASS">
          <reporter-output>
          </reporter-output>
        </test-method> <!-- setUp -->
        <test-method signature="login()[pri:0, instance:tests.LoginTests@25a6944c]" started-at="2026-05-07T17:19:11 IST" name="login" finished-at="2026-05-07T17:19:14 IST" duration-ms="2203" status="PASS">
          <reporter-output>
          </reporter-output>
        </test-method> <!-- login -->
        <test-method is-config="true" signature="tearDown()[pri:0, instance:tests.LoginTests@25a6944c]" started-at="2026-05-07T17:19:14 IST" name="tearDown" finished-at="2026-05-07T17:19:14 IST" duration-ms="265" status="PASS">
          <reporter-output>
          </reporter-output>
        </test-method> <!-- tearDown -->
        <test-method is-config="true" signature="setUp()[pri:0, instance:tests.LoginTests@25a6944c]" started-at="2026-05-07T17:19:14 IST" name="setUp" finished-at="2026-05-07T17:19:16 IST" duration-ms="2411" status="PASS">
          <reporter-output>
          </reporter-output>
        </test-method> <!-- setUp -->
        <test-method signature="loginSuccessful()[pri:0, instance:tests.LoginTests@25a6944c]" started-at="2026-05-07T17:19:16 IST" name="loginSuccessful" finished-at="2026-05-07T17:19:19 IST" duration-ms="2814" status="PASS">
          <reporter-output>
          </reporter-output>
        </test-method> <!-- loginSuccessful -->
        <test-method is-config="true" signature="tearDown()[pri:0, instance:tests.LoginTests@25a6944c]" started-at="2026-05-07T17:19:19 IST" name="tearDown" finished-at="2026-05-07T17:19:20 IST" duration-ms="396" status="PASS">
          <reporter-output>
          </reporter-output>
        </test-method> <!-- tearDown -->
        <test-method is-config="true" signature="setUp()[pri:0, instance:tests.LoginTests@25a6944c]" started-at="2026-05-07T17:19:20 IST" name="setUp" finished-at="2026-05-07T17:19:22 IST" duration-ms="2562" status="PASS">
          <reporter-output>
          </reporter-output>
        </test-method> <!-- setUp -->
        <test-method signature="logout()[pri:0, instance:tests.LoginTests@25a6944c]" started-at="2026-05-07T17:19:22 IST" name="logout" finished-at="2026-05-07T17:19:24 IST" duration-ms="1808" status="PASS">
          <reporter-output>
          </reporter-output>
        </test-method> <!-- logout -->
        <test-method is-config="true" signature="tearDown()[pri:0, instance:tests.LoginTests@25a6944c]" started-at="2026-05-07T17:19:24 IST" name="tearDown" finished-at="2026-05-07T17:19:24 IST" duration-ms="352" status="PASS">
          <reporter-output>
          </reporter-output>
        </test-method> <!-- tearDown -->
      </class> <!-- tests.LoginTests -->
    </test> <!-- Test -->
  </suite> <!-- Suite -->
</testng-results>
