<?xml version="1.0" encoding="UTF-8"?>
<testng-results ignored="3" total="4" passed="1" failed="0" skipped="0">
  <reporter-output>
  </reporter-output>
  <suite started-at="2026-05-11T13:44:06 IST" name="Default suite" finished-at="2026-05-11T13:44:18 IST" duration-ms="12191">
    <groups>
    </groups>
    <test started-at="2026-05-11T13:44:06 IST" name="Default test" finished-at="2026-05-11T13:44:18 IST" duration-ms="12191">
      <class name="tests.ConsultantTests">
        <test-method is-config="true" signature="setup()[pri:0, instance:tests.ConsultantTests@5c8504fd]" started-at="2026-05-11T13:44:06 IST" name="setup" finished-at="2026-05-11T13:44:06 IST" duration-ms="9" status="PASS">
          <reporter-output>
          </reporter-output>
        </test-method> <!-- setup -->
        <test-method is-config="true" signature="setUp()[pri:0, instance:tests.ConsultantTests@5c8504fd]" started-at="2026-05-11T13:44:06 IST" name="setUp" finished-at="2026-05-11T13:44:09 IST" duration-ms="2977" status="PASS">
          <reporter-output>
          </reporter-output>
        </test-method> <!-- setUp -->
        <test-method signature="manageInactive()[pri:0, instance:tests.ConsultantTests@5c8504fd]" started-at="2026-05-11T13:44:09 IST" name="manageInactive" finished-at="2026-05-11T13:44:18 IST" duration-ms="8845" status="PASS">
          <reporter-output>
          </reporter-output>
        </test-method> <!-- manageInactive -->
        <test-method is-config="true" signature="tearDown()[pri:0, instance:tests.ConsultantTests@5c8504fd]" started-at="2026-05-11T13:44:18 IST" name="tearDown" finished-at="2026-05-11T13:44:18 IST" duration-ms="316" status="PASS">
          <reporter-output>
          </reporter-output>
        </test-method> <!-- tearDown -->
      </class> <!-- tests.ConsultantTests -->
    </test> <!-- Default test -->
  </suite> <!-- Default suite -->
</testng-results>
