<?xml version="1.0" encoding="UTF-8"?>
<!-- Generated by org.testng.reporters.JUnitReportReporter -->
<testsuite hostname="DESKTOP-V7A5VM1" failures="0" tests="7" name="tests.LoginTests" time="36.625" errors="0" timestamp="2026-05-07T15:44:16 IST" skipped="0">
  <testcase classname="tests.LoginTests" name="emptyFields" time="6.824"/>
  <testcase classname="tests.LoginTests" name="login" time="5.026"/>
  <testcase classname="tests.LoginTests" name="InvalidMailValidPassword" time="3.862"/>
  <testcase classname="tests.LoginTests" name="ValidMailInvalidPassword" time="5.517"/>
  <testcase classname="tests.LoginTests" name="InvalidMailInvalidPassword" time="6.294"/>
  <testcase classname="tests.LoginTests" name="loginSuccessful" time="5.286"/>
  <testcase classname="tests.LoginTests" name="logout" time="3.816"/>
</testsuite> <!-- tests.LoginTests -->
