<?xml version="1.0" encoding="UTF-8"?>
<!-- Generated by org.testng.reporters.JUnitReportReporter -->
<testsuite hostname="DESKTOP-V7A5VM1" failures="0" tests="7" name="tests.LoginTests" time="37.271" errors="0" timestamp="2026-05-07T17:19:25 IST" skipped="0">
  <testcase classname="tests.LoginTests" name="loginSuccessful" time="5.755"/>
  <testcase classname="tests.LoginTests" name="logout" time="4.571"/>
  <testcase classname="tests.LoginTests" name="login" time="5.055"/>
  <testcase classname="tests.LoginTests" name="emptyFields" time="5.487"/>
  <testcase classname="tests.LoginTests" name="InvalidMailValidPassword" time="3.931"/>
  <testcase classname="tests.LoginTests" name="InvalidMailInvalidPassword" time="6.821"/>
  <testcase classname="tests.LoginTests" name="ValidMailInvalidPassword" time="5.651"/>
</testsuite> <!-- tests.LoginTests -->
